<?xml version="1.0" encoding="UTF-8" ?>
<testsuite tests="12" failures="0" name="com.MultipleScenarioSD.RunMultipleFeatureTest" time="0.014" errors="0" skipped="0">
  <properties>
[...]
</properties>
  <testcase classname="Scenario: Validate First Name field" name="Given User need to be on Facebook login page" time="0.013"/>
  <testcase classname="Scenario: Validate First Name field" name="When User enters user &quot;David&quot; first name" time="0"/>
  <testcase classname="Scenario: Validate First Name field" name="Then User checks user &quot;David&quot; first name is present inside textbox" time="0"/>
  <testcase classname="Scenario: Validate First Name field" name="Then close browser" time="0"/>
  <testcase classname="Scenario: Validate First Name field" name="Scenario: Validate First Name field" time="0.001"/>
  <testcase classname="Scenario: Validate create user multiple fields" name="Given User need to be on Facebook login page" time="0"/>
  <testcase classname="Scenario: Validate create user multiple fields" name="When User enters user first name" time="0"/>
  <testcase classname="Scenario: Validate create user multiple fields" name="And User enters user surname" time="0"/>
  <testcase classname="Scenario: Validate create user multiple fields" name="Then User checks user first name is present inside textbox" time="0"/>
  <testcase classname="Scenario: Validate create user multiple fields" name="But User Mobile field should be blank" time="0"/>
  <testcase classname="Scenario: Validate create user multiple fields" name="Then close browser" time="0"/>
  <testcase classname="Scenario: Validate create user multiple fields" name="Scenario: Validate create user multiple fields" time="0"/>
</testsuite>